<?xml version="1.0" encoding="UTF-8"?>
<!-- Generated by org.testng.reporters.JUnitReportReporter -->
<testsuite hostname="DESKTOP-UHD7KKR" failures="0" tests="1" name="com.lampenwelt.qa.testcases.TC_01_01_UpdateCart" time="88.563" errors="0" timestamp="2021-04-22T17:07:17 CEST" skipped="0">
  <testcase classname="com.lampenwelt.qa.testcases.TC_01_01_UpdateCart" name="UpdateItemQty" time="88.563"/>
  <system-out/>
</testsuite> <!-- com.lampenwelt.qa.testcases.TC_01_01_UpdateCart -->
