<?xml version="1.0" encoding="UTF-8"?>
<!-- Generated by org.testng.reporters.JUnitReportReporter -->
<testsuite hostname="DESKTOP-UHD7KKR" failures="0" tests="1" name="com.lampenwelt.qa.testcases.TC_01_03_AddCart" time="81.854" errors="0" timestamp="2021-04-21T08:15:07 CEST" skipped="0">
  <testcase classname="com.lampenwelt.qa.testcases.TC_01_03_AddCart" name="AddNewItemToCard" time="81.854"/>
  <system-out/>
</testsuite> <!-- com.lampenwelt.qa.testcases.TC_01_03_AddCart -->
