<?xml version="1.0" encoding="UTF-8"?>
<!-- Generated by org.testng.reporters.JUnitReportReporter -->
<testsuite hostname="DESKTOP-UHD7KKR" failures="0" tests="1" name="com.lampenwelt.qa.testcases.TC_01_02_RemoveProductFromCart" time="0.595" errors="1" timestamp="2021-04-21T08:05:29 CEST" skipped="0">
  <testcase classname="com.lampenwelt.qa.testcases.TC_01_02_RemoveProductFromCart" name="RemoveItemFromCart" time="0.595">
    <error message="
[public void com.lampenwelt.qa.testcases.TC_01_02_RemoveProductFromCart.RemoveItemFromCart(java.lang.String,java.lang.String,java.lang.String,java.lang.String,java.lang.String,java.lang.String,java.lang.String,java.lang.String,java.lang.String,java.lang.String,java.lang.String,java.lang.String,java.lang.String,java.lang.String) throws java.lang.InterruptedException] has no parameters defined but was found to be using a data provider (either explicitly specified or inherited from class level annotation).
Data provider mismatch
Method: RemoveItemFromCart([Parameter{index=0, type=java.lang.String, declaredAnnotations=[]}, Parameter{index=1, type=java.lang.String, declaredAnnotations=[]}, Parameter{index=2, type=java.lang.String, declaredAnnotations=[]}, Parameter{index=3, type=java.lang.String, declaredAnnotations=[]}, Parameter{index=4, type=java.lang.String, declaredAnnotations=[]}, Parameter{index=5, type=java.lang.String, declaredAnnotations=[]}, Parameter{index=6, type=java.lang.String, declaredAnnotations=[]}, Parameter{index=7, type=java.lang.String, declaredAnnotations=[]}, Parameter{index=8, type=java.lang.String, declaredAnnotations=[]}, Parameter{index=9, type=java.lang.String, declaredAnnotations=[]}, Parameter{index=10, type=java.lang.String, declaredAnnotations=[]}, Parameter{index=11, type=java.lang.String, declaredAnnotations=[]}, Parameter{index=12, type=java.lang.String, declaredAnnotations=[]}, Parameter{index=13, type=java.lang.String, declaredAnnotations=[]}])
Arguments: [(java.lang.String) Lampen &amp; Leuchten für Ihr Zuhause | Lampenwelt.de,(java.lang.String) 9620775,(java.lang.String) Wandlampe Michalina im klassischen Stil,(java.lang.String) 9616007,(java.lang.String) LED-Außenwandleuchte Jarno, grafit,(java.lang.String) 1510457,(java.lang.String) LED-Deckenlampe 3228-018 dimmbar per Wandschalter,(java.lang.String) 3,(java.lang.String) 191,70 €,(java.lang.String) 0,00 €,(java.lang.String) 191,70 €,(java.lang.String) 2,(java.lang.String) 218,60 €,(java.lang.String) 0,00 €,(java.lang.String) 218,60 €,null,null]" type="org.testng.internal.reflect.MethodMatcherException">
      <![CDATA[org.testng.internal.reflect.MethodMatcherException: 
[public void com.lampenwelt.qa.testcases.TC_01_02_RemoveProductFromCart.RemoveItemFromCart(java.lang.String,java.lang.String,java.lang.String,java.lang.String,java.lang.String,java.lang.String,java.lang.String,java.lang.String,java.lang.String,java.lang.String,java.lang.String,java.lang.String,java.lang.String,java.lang.String) throws java.lang.InterruptedException] has no parameters defined but was found to be using a data provider (either explicitly specified or inherited from class level annotation).
Data provider mismatch
Method: RemoveItemFromCart([Parameter{index=0, type=java.lang.String, declaredAnnotations=[]}, Parameter{index=1, type=java.lang.String, declaredAnnotations=[]}, Parameter{index=2, type=java.lang.String, declaredAnnotations=[]}, Parameter{index=3, type=java.lang.String, declaredAnnotations=[]}, Parameter{index=4, type=java.lang.String, declaredAnnotations=[]}, Parameter{index=5, type=java.lang.String, declaredAnnotations=[]}, Parameter{index=6, type=java.lang.String, declaredAnnotations=[]}, Parameter{index=7, type=java.lang.String, declaredAnnotations=[]}, Parameter{index=8, type=java.lang.String, declaredAnnotations=[]}, Parameter{index=9, type=java.lang.String, declaredAnnotations=[]}, Parameter{index=10, type=java.lang.String, declaredAnnotations=[]}, Parameter{index=11, type=java.lang.String, declaredAnnotations=[]}, Parameter{index=12, type=java.lang.String, declaredAnnotations=[]}, Parameter{index=13, type=java.lang.String, declaredAnnotations=[]}])
Arguments: [(java.lang.String) Lampen & Leuchten für Ihr Zuhause | Lampenwelt.de,(java.lang.String) 9620775,(java.lang.String) Wandlampe Michalina im klassischen Stil,(java.lang.String) 9616007,(java.lang.String) LED-Außenwandleuchte Jarno, grafit,(java.lang.String) 1510457,(java.lang.String) LED-Deckenlampe 3228-018 dimmbar per Wandschalter,(java.lang.String) 3,(java.lang.String) 191,70 €,(java.lang.String) 0,00 €,(java.lang.String) 191,70 €,(java.lang.String) 2,(java.lang.String) 218,60 €,(java.lang.String) 0,00 €,(java.lang.String) 218,60 €,null,null]
at org.testng.internal.reflect.DataProviderMethodMatcher.getConformingArguments(DataProviderMethodMatcher.java:43)
at org.testng.internal.Parameters.injectParameters(Parameters.java:914)
at org.testng.internal.MethodRunner.runInSequence(MethodRunner.java:34)
at org.testng.internal.TestInvoker$MethodInvocationAgent.invoke(TestInvoker.java:824)
at org.testng.internal.TestInvoker.invokeTestMethods(TestInvoker.java:146)
at org.testng.internal.TestMethodWorker.invokeTestMethods(TestMethodWorker.java:146)
at org.testng.internal.TestMethodWorker.run(TestMethodWorker.java:128)
at java.base/java.util.concurrent.ThreadPoolExecutor.runWorker(ThreadPoolExecutor.java:1128)
at java.base/java.util.concurrent.ThreadPoolExecutor$Worker.run(ThreadPoolExecutor.java:628)
at java.base/java.lang.Thread.run(Thread.java:834)
]]>
    </error>
  </testcase> <!-- RemoveItemFromCart -->
  <system-out/>
</testsuite> <!-- com.lampenwelt.qa.testcases.TC_01_02_RemoveProductFromCart -->
