<?xml version="1.0" encoding="UTF-8"?>
<!-- Generated by org.testng.reporters.JUnitReportReporter -->
<testsuite hostname="DESKTOP-UHD7KKR" failures="0" tests="1" name="com.lampenwelt.qa.testcases.TC_01_01_UpdateItemQuantity" time="53.165" errors="0" timestamp="2021-04-18T10:30:01 CEST" skipped="0">
  <testcase classname="com.lampenwelt.qa.testcases.TC_01_01_UpdateItemQuantity" name="UpdateItemQty" time="53.165"/>
  <system-out/>
</testsuite> <!-- com.lampenwelt.qa.testcases.TC_01_01_UpdateItemQuantity -->
