<?xml version="1.0" encoding="UTF-8"?>
<!-- Generated by org.testng.reporters.JUnitReportReporter -->
<testsuite hostname="DESKTOP-UHD7KKR" failures="0" tests="1" name="com.lampenwelt.qa.testcases.TC_01_02_RemoveCart" time="96.092" errors="0" timestamp="2021-04-23T23:06:42 CEST" skipped="0">
  <testcase classname="com.lampenwelt.qa.testcases.TC_01_02_RemoveCart" name="RemoveItemFromCart" time="96.092"/>
  <system-out/>
</testsuite> <!-- com.lampenwelt.qa.testcases.TC_01_02_RemoveCart -->
